<?xml version="1.0" encoding="UTF-8"?>
<testsuite xmlns:xsi="http://www.w3.org/2001/XMLSchema-instance" xsi:noNamespaceSchemaLocation="https://maven.apache.org/surefire/maven-surefire-plugin/xsd/surefire-test-report.xsd" name="onboardingemployee.crudoperations.CrudoperationsApplicationTests" time="42.2" tests="1" errors="0" skipped="0" failures="0">
  <properties>
    <property name="sun.desktop" value="windows"/>
    <property name="awt.toolkit" value="sun.awt.windows.WToolkit"/>
    <property name="file.encoding.pkg" value="sun.io"/>
    <property name="java.specification.version" value="1.8"/>
    <property name="sun.cpu.isalist" value="amd64"/>
    <property name="sun.jnu.encoding" value="Cp1252"/>
    <property name="java.class.path" value="C:\Users\CG-DTE\Downloads\crudoperations\crudoperations\target\test-classes;C:\Users\CG-DTE\Downloads\crudoperations\crudoperations\target\classes;C:\Users\CG-DTE\.m2\repository\org\springframework\boot\spring-boot-starter-data-jpa\2.2.9.BUILD-SNAPSHOT\spring-boot-starter-data-jpa-2.2.9.BUILD-SNAPSHOT.jar;C:\Users\CG-DTE\.m2\repository\org\springframework\boot\spring-boot-starter-aop\2.2.9.BUILD-SNAPSHOT\spring-boot-starter-aop-2.2.9.BUILD-SNAPSHOT.jar;C:\Users\CG-DTE\.m2\repository\org\springframework\spring-aop\5.2.7.RELEASE\spring-aop-5.2.7.RELEASE.jar;C:\Users\CG-DTE\.m2\repository\org\aspectj\aspectjweaver\1.9.5\aspectjweaver-1.9.5.jar;C:\Users\CG-DTE\.m2\repository\org\springframework\boot\spring-boot-starter-jdbc\2.2.9.BUILD-SNAPSHOT\spring-boot-starter-jdbc-2.2.9.BUILD-SNAPSHOT.jar;C:\Users\CG-DTE\.m2\repository\com\zaxxer\HikariCP\3.4.5\HikariCP-3.4.5.jar;C:\Users\CG-DTE\.m2\repository\org\springframework\spring-jdbc\5.2.7.RELEASE\spring-jdbc-5.2.7.RELEASE.jar;C:\Users\CG-DTE\.m2\repository\jakarta\persistence\jakarta.persistence-api\2.2.3\jakarta.persistence-api-2.2.3.jar;C:\Users\CG-DTE\.m2\repository\jakarta\transaction\jakarta.transaction-api\1.3.3\jakarta.transaction-api-1.3.3.jar;C:\Users\CG-DTE\.m2\repository\org\springframework\data\spring-data-jpa\2.2.8.RELEASE\spring-data-jpa-2.2.8.RELEASE.jar;C:\Users\CG-DTE\.m2\repository\org\springframework\data\spring-data-commons\2.2.8.RELEASE\spring-data-commons-2.2.8.RELEASE.jar;C:\Users\CG-DTE\.m2\repository\org\springframework\spring-orm\5.2.7.RELEASE\spring-orm-5.2.7.RELEASE.jar;C:\Users\CG-DTE\.m2\repository\org\springframework\spring-context\5.2.7.RELEASE\spring-context-5.2.7.RELEASE.jar;C:\Users\CG-DTE\.m2\repository\org\springframework\spring-tx\5.2.7.RELEASE\spring-tx-5.2.7.RELEASE.jar;C:\Users\CG-DTE\.m2\repository\org\springframework\spring-beans\5.2.7.RELEASE\spring-beans-5.2.7.RELEASE.jar;C:\Users\CG-DTE\.m2\repository\org\slf4j\slf4j-api\1.7.30\slf4j-api-1.7.30.jar;C:\Users\CG-DTE\.m2\repository\org\springframework\spring-aspects\5.2.7.RELEASE\spring-aspects-5.2.7.RELEASE.jar;C:\Users\CG-DTE\.m2\repository\org\springframework\boot\spring-boot-starter-web\2.2.9.BUILD-SNAPSHOT\spring-boot-starter-web-2.2.9.BUILD-SNAPSHOT.jar;C:\Users\CG-DTE\.m2\repository\org\springframework\boot\spring-boot-starter\2.2.9.BUILD-SNAPSHOT\spring-boot-starter-2.2.9.BUILD-SNAPSHOT.jar;C:\Users\CG-DTE\.m2\repository\org\springframework\boot\spring-boot-starter-logging\2.2.9.BUILD-SNAPSHOT\spring-boot-starter-logging-2.2.9.BUILD-SNAPSHOT.jar;C:\Users\CG-DTE\.m2\repository\ch\qos\logback\logback-classic\1.2.3\logback-classic-1.2.3.jar;C:\Users\CG-DTE\.m2\repository\ch\qos\logback\logback-core\1.2.3\logback-core-1.2.3.jar;C:\Users\CG-DTE\.m2\repository\org\apache\logging\log4j\log4j-to-slf4j\2.12.1\log4j-to-slf4j-2.12.1.jar;C:\Users\CG-DTE\.m2\repository\org\apache\logging\log4j\log4j-api\2.12.1\log4j-api-2.12.1.jar;C:\Users\CG-DTE\.m2\repository\org\slf4j\jul-to-slf4j\1.7.30\jul-to-slf4j-1.7.30.jar;C:\Users\CG-DTE\.m2\repository\jakarta\annotation\jakarta.annotation-api\1.3.5\jakarta.annotation-api-1.3.5.jar;C:\Users\CG-DTE\.m2\repository\org\yaml\snakeyaml\1.25\snakeyaml-1.25.jar;C:\Users\CG-DTE\.m2\repository\org\springframework\boot\spring-boot-starter-json\2.2.9.BUILD-SNAPSHOT\spring-boot-starter-json-2.2.9.BUILD-SNAPSHOT.jar;C:\Users\CG-DTE\.m2\repository\com\fasterxml\jackson\core\jackson-databind\2.10.4\jackson-databind-2.10.4.jar;C:\Users\CG-DTE\.m2\repository\com\fasterxml\jackson\core\jackson-annotations\2.10.4\jackson-annotations-2.10.4.jar;C:\Users\CG-DTE\.m2\repository\com\fasterxml\jackson\core\jackson-core\2.10.4\jackson-core-2.10.4.jar;C:\Users\CG-DTE\.m2\repository\com\fasterxml\jackson\datatype\jackson-datatype-jdk8\2.10.4\jackson-datatype-jdk8-2.10.4.jar;C:\Users\CG-DTE\.m2\repository\com\fasterxml\jackson\datatype\jackson-datatype-jsr310\2.10.4\jackson-datatype-jsr310-2.10.4.jar;C:\Users\CG-DTE\.m2\repository\com\fasterxml\jackson\module\jackson-module-parameter-names\2.10.4\jackson-module-parameter-names-2.10.4.jar;C:\Users\CG-DTE\.m2\repository\org\springframework\boot\spring-boot-starter-tomcat\2.2.9.BUILD-SNAPSHOT\spring-boot-starter-tomcat-2.2.9.BUILD-SNAPSHOT.jar;C:\Users\CG-DTE\.m2\repository\org\apache\tomcat\embed\tomcat-embed-core\9.0.36\tomcat-embed-core-9.0.36.jar;C:\Users\CG-DTE\.m2\repository\org\apache\tomcat\embed\tomcat-embed-el\9.0.36\tomcat-embed-el-9.0.36.jar;C:\Users\CG-DTE\.m2\repository\org\apache\tomcat\embed\tomcat-embed-websocket\9.0.36\tomcat-embed-websocket-9.0.36.jar;C:\Users\CG-DTE\.m2\repository\org\springframework\boot\spring-boot-starter-validation\2.2.9.BUILD-SNAPSHOT\spring-boot-starter-validation-2.2.9.BUILD-SNAPSHOT.jar;C:\Users\CG-DTE\.m2\repository\jakarta\validation\jakarta.validation-api\2.0.2\jakarta.validation-api-2.0.2.jar;C:\Users\CG-DTE\.m2\repository\org\hibernate\validator\hibernate-validator\6.0.20.Final\hibernate-validator-6.0.20.Final.jar;C:\Users\CG-DTE\.m2\repository\org\springframework\spring-web\5.2.7.RELEASE\spring-web-5.2.7.RELEASE.jar;C:\Users\CG-DTE\.m2\repository\org\springframework\spring-webmvc\5.2.7.RELEASE\spring-webmvc-5.2.7.RELEASE.jar;C:\Users\CG-DTE\.m2\repository\org\springframework\spring-expression\5.2.7.RELEASE\spring-expression-5.2.7.RELEASE.jar;C:\Users\CG-DTE\.m2\repository\org\springframework\boot\spring-boot-devtools\2.2.9.BUILD-SNAPSHOT\spring-boot-devtools-2.2.9.BUILD-SNAPSHOT.jar;C:\Users\CG-DTE\.m2\repository\org\springframework\boot\spring-boot\2.2.9.BUILD-SNAPSHOT\spring-boot-2.2.9.BUILD-SNAPSHOT.jar;C:\Users\CG-DTE\.m2\repository\org\springframework\boot\spring-boot-autoconfigure\2.2.9.BUILD-SNAPSHOT\spring-boot-autoconfigure-2.2.9.BUILD-SNAPSHOT.jar;C:\Users\CG-DTE\.m2\repository\mysql\mysql-connector-java\8.0.20\mysql-connector-java-8.0.20.jar;C:\Users\CG-DTE\.m2\repository\org\hibernate\hibernate-core\5.2.1.Final\hibernate-core-5.2.1.Final.jar;C:\Users\CG-DTE\.m2\repository\org\jboss\logging\jboss-logging\3.4.1.Final\jboss-logging-3.4.1.Final.jar;C:\Users\CG-DTE\.m2\repository\org\hibernate\javax\persistence\hibernate-jpa-2.1-api\1.0.0.Final\hibernate-jpa-2.1-api-1.0.0.Final.jar;C:\Users\CG-DTE\.m2\repository\org\javassist\javassist\3.20.0-GA\javassist-3.20.0-GA.jar;C:\Users\CG-DTE\.m2\repository\antlr\antlr\2.7.7\antlr-2.7.7.jar;C:\Users\CG-DTE\.m2\repository\org\apache\geronimo\specs\geronimo-jta_1.1_spec\1.1.1\geronimo-jta_1.1_spec-1.1.1.jar;C:\Users\CG-DTE\.m2\repository\org\jboss\jandex\2.0.0.Final\jandex-2.0.0.Final.jar;C:\Users\CG-DTE\.m2\repository\com\fasterxml\classmate\1.5.1\classmate-1.5.1.jar;C:\Users\CG-DTE\.m2\repository\dom4j\dom4j\1.6.1\dom4j-1.6.1.jar;C:\Users\CG-DTE\.m2\repository\org\hibernate\common\hibernate-commons-annotations\5.0.1.Final\hibernate-commons-annotations-5.0.1.Final.jar;C:\Users\CG-DTE\.m2\repository\javax\enterprise\cdi-api\1.1-PFD\cdi-api-1.1-PFD.jar;C:\Users\CG-DTE\.m2\repository\javax\el\el-api\2.2\el-api-2.2.jar;C:\Users\CG-DTE\.m2\repository\org\jboss\spec\javax\interceptor\jboss-interceptors-api_1.1_spec\1.0.0.Beta1\jboss-interceptors-api_1.1_spec-1.0.0.Beta1.jar;C:\Users\CG-DTE\.m2\repository\javax\annotation\jsr250-api\1.0\jsr250-api-1.0.jar;C:\Users\CG-DTE\.m2\repository\javax\inject\javax.inject\1\javax.inject-1.jar;C:\Users\CG-DTE\.m2\repository\org\projectlombok\lombok\1.18.12\lombok-1.18.12.jar;C:\Users\CG-DTE\.m2\repository\org\springframework\boot\spring-boot-starter-test\2.2.9.BUILD-SNAPSHOT\spring-boot-starter-test-2.2.9.BUILD-SNAPSHOT.jar;C:\Users\CG-DTE\.m2\repository\org\springframework\boot\spring-boot-test\2.2.9.BUILD-SNAPSHOT\spring-boot-test-2.2.9.BUILD-SNAPSHOT.jar;C:\Users\CG-DTE\.m2\repository\org\springframework\boot\spring-boot-test-autoconfigure\2.2.9.BUILD-SNAPSHOT\spring-boot-test-autoconfigure-2.2.9.BUILD-SNAPSHOT.jar;C:\Users\CG-DTE\.m2\repository\com\jayway\jsonpath\json-path\2.4.0\json-path-2.4.0.jar;C:\Users\CG-DTE\.m2\repository\net\minidev\json-smart\2.3\json-smart-2.3.jar;C:\Users\CG-DTE\.m2\repository\net\minidev\accessors-smart\1.2\accessors-smart-1.2.jar;C:\Users\CG-DTE\.m2\repository\org\ow2\asm\asm\5.0.4\asm-5.0.4.jar;C:\Users\CG-DTE\.m2\repository\jakarta\xml\bind\jakarta.xml.bind-api\2.3.3\jakarta.xml.bind-api-2.3.3.jar;C:\Users\CG-DTE\.m2\repository\jakarta\activation\jakarta.activation-api\1.2.2\jakarta.activation-api-1.2.2.jar;C:\Users\CG-DTE\.m2\repository\org\junit\jupiter\junit-jupiter\5.5.2\junit-jupiter-5.5.2.jar;C:\Users\CG-DTE\.m2\repository\org\junit\jupiter\junit-jupiter-api\5.5.2\junit-jupiter-api-5.5.2.jar;C:\Users\CG-DTE\.m2\repository\org\apiguardian\apiguardian-api\1.1.0\apiguardian-api-1.1.0.jar;C:\Users\CG-DTE\.m2\repository\org\opentest4j\opentest4j\1.2.0\opentest4j-1.2.0.jar;C:\Users\CG-DTE\.m2\repository\org\junit\platform\junit-platform-commons\1.5.2\junit-platform-commons-1.5.2.jar;C:\Users\CG-DTE\.m2\repository\org\junit\jupiter\junit-jupiter-params\5.5.2\junit-jupiter-params-5.5.2.jar;C:\Users\CG-DTE\.m2\repository\org\junit\jupiter\junit-jupiter-engine\5.5.2\junit-jupiter-engine-5.5.2.jar;C:\Users\CG-DTE\.m2\repository\org\junit\platform\junit-platform-engine\1.5.2\junit-platform-engine-1.5.2.jar;C:\Users\CG-DTE\.m2\repository\org\mockito\mockito-junit-jupiter\3.1.0\mockito-junit-jupiter-3.1.0.jar;C:\Users\CG-DTE\.m2\repository\org\assertj\assertj-core\3.13.2\assertj-core-3.13.2.jar;C:\Users\CG-DTE\.m2\repository\org\hamcrest\hamcrest\2.1\hamcrest-2.1.jar;C:\Users\CG-DTE\.m2\repository\org\mockito\mockito-core\3.1.0\mockito-core-3.1.0.jar;C:\Users\CG-DTE\.m2\repository\net\bytebuddy\byte-buddy\1.10.11\byte-buddy-1.10.11.jar;C:\Users\CG-DTE\.m2\repository\net\bytebuddy\byte-buddy-agent\1.10.11\byte-buddy-agent-1.10.11.jar;C:\Users\CG-DTE\.m2\repository\org\objenesis\objenesis\2.6\objenesis-2.6.jar;C:\Users\CG-DTE\.m2\repository\org\skyscreamer\jsonassert\1.5.0\jsonassert-1.5.0.jar;C:\Users\CG-DTE\.m2\repository\com\vaadin\external\google\android-json\0.0.20131108.vaadin1\android-json-0.0.20131108.vaadin1.jar;C:\Users\CG-DTE\.m2\repository\org\springframework\spring-core\5.2.7.RELEASE\spring-core-5.2.7.RELEASE.jar;C:\Users\CG-DTE\.m2\repository\org\springframework\spring-jcl\5.2.7.RELEASE\spring-jcl-5.2.7.RELEASE.jar;C:\Users\CG-DTE\.m2\repository\org\springframework\spring-test\5.2.7.RELEASE\spring-test-5.2.7.RELEASE.jar;C:\Users\CG-DTE\.m2\repository\org\xmlunit\xmlunit-core\2.6.4\xmlunit-core-2.6.4.jar;"/>
    <property name="java.vm.vendor" value="Oracle Corporation"/>
    <property name="sun.arch.data.model" value="64"/>
    <property name="user.variant" value=""/>
    <property name="java.vendor.url" value="http://java.oracle.com/"/>
    <property name="user.timezone" value="Asia/Calcutta"/>
    <property name="java.vm.specification.version" value="1.8"/>
    <property name="os.name" value="Windows 10"/>
    <property name="user.country" value="IN"/>
    <property name="sun.java.launcher" value="SUN_STANDARD"/>
    <property name="sun.boot.library.path" value="C:\Program Files\Java\jdk1.8.0_151\jre\bin"/>
    <property name="sun.java.command" value="C:\Users\CG-DTE\AppData\Local\Temp\surefire1090475857275787941\surefirebooter6367193815082855623.jar C:\Users\CG-DTE\AppData\Local\Temp\surefire1090475857275787941 2020-07-10T15-18-52_094-jvmRun1 surefire2689865773348807898tmp surefire_01331626996771703623tmp"/>
    <property name="surefire.test.class.path" value="C:\Users\CG-DTE\Downloads\crudoperations\crudoperations\target\test-classes;C:\Users\CG-DTE\Downloads\crudoperations\crudoperations\target\classes;C:\Users\CG-DTE\.m2\repository\org\springframework\boot\spring-boot-starter-data-jpa\2.2.9.BUILD-SNAPSHOT\spring-boot-starter-data-jpa-2.2.9.BUILD-SNAPSHOT.jar;C:\Users\CG-DTE\.m2\repository\org\springframework\boot\spring-boot-starter-aop\2.2.9.BUILD-SNAPSHOT\spring-boot-starter-aop-2.2.9.BUILD-SNAPSHOT.jar;C:\Users\CG-DTE\.m2\repository\org\springframework\spring-aop\5.2.7.RELEASE\spring-aop-5.2.7.RELEASE.jar;C:\Users\CG-DTE\.m2\repository\org\aspectj\aspectjweaver\1.9.5\aspectjweaver-1.9.5.jar;C:\Users\CG-DTE\.m2\repository\org\springframework\boot\spring-boot-starter-jdbc\2.2.9.BUILD-SNAPSHOT\spring-boot-starter-jdbc-2.2.9.BUILD-SNAPSHOT.jar;C:\Users\CG-DTE\.m2\repository\com\zaxxer\HikariCP\3.4.5\HikariCP-3.4.5.jar;C:\Users\CG-DTE\.m2\repository\org\springframework\spring-jdbc\5.2.7.RELEASE\spring-jdbc-5.2.7.RELEASE.jar;C:\Users\CG-DTE\.m2\repository\jakarta\persistence\jakarta.persistence-api\2.2.3\jakarta.persistence-api-2.2.3.jar;C:\Users\CG-DTE\.m2\repository\jakarta\transaction\jakarta.transaction-api\1.3.3\jakarta.transaction-api-1.3.3.jar;C:\Users\CG-DTE\.m2\repository\org\springframework\data\spring-data-jpa\2.2.8.RELEASE\spring-data-jpa-2.2.8.RELEASE.jar;C:\Users\CG-DTE\.m2\repository\org\springframework\data\spring-data-commons\2.2.8.RELEASE\spring-data-commons-2.2.8.RELEASE.jar;C:\Users\CG-DTE\.m2\repository\org\springframework\spring-orm\5.2.7.RELEASE\spring-orm-5.2.7.RELEASE.jar;C:\Users\CG-DTE\.m2\repository\org\springframework\spring-context\5.2.7.RELEASE\spring-context-5.2.7.RELEASE.jar;C:\Users\CG-DTE\.m2\repository\org\springframework\spring-tx\5.2.7.RELEASE\spring-tx-5.2.7.RELEASE.jar;C:\Users\CG-DTE\.m2\repository\org\springframework\spring-beans\5.2.7.RELEASE\spring-beans-5.2.7.RELEASE.jar;C:\Users\CG-DTE\.m2\repository\org\slf4j\slf4j-api\1.7.30\slf4j-api-1.7.30.jar;C:\Users\CG-DTE\.m2\repository\org\springframework\spring-aspects\5.2.7.RELEASE\spring-aspects-5.2.7.RELEASE.jar;C:\Users\CG-DTE\.m2\repository\org\springframework\boot\spring-boot-starter-web\2.2.9.BUILD-SNAPSHOT\spring-boot-starter-web-2.2.9.BUILD-SNAPSHOT.jar;C:\Users\CG-DTE\.m2\repository\org\springframework\boot\spring-boot-starter\2.2.9.BUILD-SNAPSHOT\spring-boot-starter-2.2.9.BUILD-SNAPSHOT.jar;C:\Users\CG-DTE\.m2\repository\org\springframework\boot\spring-boot-starter-logging\2.2.9.BUILD-SNAPSHOT\spring-boot-starter-logging-2.2.9.BUILD-SNAPSHOT.jar;C:\Users\CG-DTE\.m2\repository\ch\qos\logback\logback-classic\1.2.3\logback-classic-1.2.3.jar;C:\Users\CG-DTE\.m2\repository\ch\qos\logback\logback-core\1.2.3\logback-core-1.2.3.jar;C:\Users\CG-DTE\.m2\repository\org\apache\logging\log4j\log4j-to-slf4j\2.12.1\log4j-to-slf4j-2.12.1.jar;C:\Users\CG-DTE\.m2\repository\org\apache\logging\log4j\log4j-api\2.12.1\log4j-api-2.12.1.jar;C:\Users\CG-DTE\.m2\repository\org\slf4j\jul-to-slf4j\1.7.30\jul-to-slf4j-1.7.30.jar;C:\Users\CG-DTE\.m2\repository\jakarta\annotation\jakarta.annotation-api\1.3.5\jakarta.annotation-api-1.3.5.jar;C:\Users\CG-DTE\.m2\repository\org\yaml\snakeyaml\1.25\snakeyaml-1.25.jar;C:\Users\CG-DTE\.m2\repository\org\springframework\boot\spring-boot-starter-json\2.2.9.BUILD-SNAPSHOT\spring-boot-starter-json-2.2.9.BUILD-SNAPSHOT.jar;C:\Users\CG-DTE\.m2\repository\com\fasterxml\jackson\core\jackson-databind\2.10.4\jackson-databind-2.10.4.jar;C:\Users\CG-DTE\.m2\repository\com\fasterxml\jackson\core\jackson-annotations\2.10.4\jackson-annotations-2.10.4.jar;C:\Users\CG-DTE\.m2\repository\com\fasterxml\jackson\core\jackson-core\2.10.4\jackson-core-2.10.4.jar;C:\Users\CG-DTE\.m2\repository\com\fasterxml\jackson\datatype\jackson-datatype-jdk8\2.10.4\jackson-datatype-jdk8-2.10.4.jar;C:\Users\CG-DTE\.m2\repository\com\fasterxml\jackson\datatype\jackson-datatype-jsr310\2.10.4\jackson-datatype-jsr310-2.10.4.jar;C:\Users\CG-DTE\.m2\repository\com\fasterxml\jackson\module\jackson-module-parameter-names\2.10.4\jackson-module-parameter-names-2.10.4.jar;C:\Users\CG-DTE\.m2\repository\org\springframework\boot\spring-boot-starter-tomcat\2.2.9.BUILD-SNAPSHOT\spring-boot-starter-tomcat-2.2.9.BUILD-SNAPSHOT.jar;C:\Users\CG-DTE\.m2\repository\org\apache\tomcat\embed\tomcat-embed-core\9.0.36\tomcat-embed-core-9.0.36.jar;C:\Users\CG-DTE\.m2\repository\org\apache\tomcat\embed\tomcat-embed-el\9.0.36\tomcat-embed-el-9.0.36.jar;C:\Users\CG-DTE\.m2\repository\org\apache\tomcat\embed\tomcat-embed-websocket\9.0.36\tomcat-embed-websocket-9.0.36.jar;C:\Users\CG-DTE\.m2\repository\org\springframework\boot\spring-boot-starter-validation\2.2.9.BUILD-SNAPSHOT\spring-boot-starter-validation-2.2.9.BUILD-SNAPSHOT.jar;C:\Users\CG-DTE\.m2\repository\jakarta\validation\jakarta.validation-api\2.0.2\jakarta.validation-api-2.0.2.jar;C:\Users\CG-DTE\.m2\repository\org\hibernate\validator\hibernate-validator\6.0.20.Final\hibernate-validator-6.0.20.Final.jar;C:\Users\CG-DTE\.m2\repository\org\springframework\spring-web\5.2.7.RELEASE\spring-web-5.2.7.RELEASE.jar;C:\Users\CG-DTE\.m2\repository\org\springframework\spring-webmvc\5.2.7.RELEASE\spring-webmvc-5.2.7.RELEASE.jar;C:\Users\CG-DTE\.m2\repository\org\springframework\spring-expression\5.2.7.RELEASE\spring-expression-5.2.7.RELEASE.jar;C:\Users\CG-DTE\.m2\repository\org\springframework\boot\spring-boot-devtools\2.2.9.BUILD-SNAPSHOT\spring-boot-devtools-2.2.9.BUILD-SNAPSHOT.jar;C:\Users\CG-DTE\.m2\repository\org\springframework\boot\spring-boot\2.2.9.BUILD-SNAPSHOT\spring-boot-2.2.9.BUILD-SNAPSHOT.jar;C:\Users\CG-DTE\.m2\repository\org\springframework\boot\spring-boot-autoconfigure\2.2.9.BUILD-SNAPSHOT\spring-boot-autoconfigure-2.2.9.BUILD-SNAPSHOT.jar;C:\Users\CG-DTE\.m2\repository\mysql\mysql-connector-java\8.0.20\mysql-connector-java-8.0.20.jar;C:\Users\CG-DTE\.m2\repository\org\hibernate\hibernate-core\5.2.1.Final\hibernate-core-5.2.1.Final.jar;C:\Users\CG-DTE\.m2\repository\org\jboss\logging\jboss-logging\3.4.1.Final\jboss-logging-3.4.1.Final.jar;C:\Users\CG-DTE\.m2\repository\org\hibernate\javax\persistence\hibernate-jpa-2.1-api\1.0.0.Final\hibernate-jpa-2.1-api-1.0.0.Final.jar;C:\Users\CG-DTE\.m2\repository\org\javassist\javassist\3.20.0-GA\javassist-3.20.0-GA.jar;C:\Users\CG-DTE\.m2\repository\antlr\antlr\2.7.7\antlr-2.7.7.jar;C:\Users\CG-DTE\.m2\repository\org\apache\geronimo\specs\geronimo-jta_1.1_spec\1.1.1\geronimo-jta_1.1_spec-1.1.1.jar;C:\Users\CG-DTE\.m2\repository\org\jboss\jandex\2.0.0.Final\jandex-2.0.0.Final.jar;C:\Users\CG-DTE\.m2\repository\com\fasterxml\classmate\1.5.1\classmate-1.5.1.jar;C:\Users\CG-DTE\.m2\repository\dom4j\dom4j\1.6.1\dom4j-1.6.1.jar;C:\Users\CG-DTE\.m2\repository\org\hibernate\common\hibernate-commons-annotations\5.0.1.Final\hibernate-commons-annotations-5.0.1.Final.jar;C:\Users\CG-DTE\.m2\repository\javax\enterprise\cdi-api\1.1-PFD\cdi-api-1.1-PFD.jar;C:\Users\CG-DTE\.m2\repository\javax\el\el-api\2.2\el-api-2.2.jar;C:\Users\CG-DTE\.m2\repository\org\jboss\spec\javax\interceptor\jboss-interceptors-api_1.1_spec\1.0.0.Beta1\jboss-interceptors-api_1.1_spec-1.0.0.Beta1.jar;C:\Users\CG-DTE\.m2\repository\javax\annotation\jsr250-api\1.0\jsr250-api-1.0.jar;C:\Users\CG-DTE\.m2\repository\javax\inject\javax.inject\1\javax.inject-1.jar;C:\Users\CG-DTE\.m2\repository\org\projectlombok\lombok\1.18.12\lombok-1.18.12.jar;C:\Users\CG-DTE\.m2\repository\org\springframework\boot\spring-boot-starter-test\2.2.9.BUILD-SNAPSHOT\spring-boot-starter-test-2.2.9.BUILD-SNAPSHOT.jar;C:\Users\CG-DTE\.m2\repository\org\springframework\boot\spring-boot-test\2.2.9.BUILD-SNAPSHOT\spring-boot-test-2.2.9.BUILD-SNAPSHOT.jar;C:\Users\CG-DTE\.m2\repository\org\springframework\boot\spring-boot-test-autoconfigure\2.2.9.BUILD-SNAPSHOT\spring-boot-test-autoconfigure-2.2.9.BUILD-SNAPSHOT.jar;C:\Users\CG-DTE\.m2\repository\com\jayway\jsonpath\json-path\2.4.0\json-path-2.4.0.jar;C:\Users\CG-DTE\.m2\repository\net\minidev\json-smart\2.3\json-smart-2.3.jar;C:\Users\CG-DTE\.m2\repository\net\minidev\accessors-smart\1.2\accessors-smart-1.2.jar;C:\Users\CG-DTE\.m2\repository\org\ow2\asm\asm\5.0.4\asm-5.0.4.jar;C:\Users\CG-DTE\.m2\repository\jakarta\xml\bind\jakarta.xml.bind-api\2.3.3\jakarta.xml.bind-api-2.3.3.jar;C:\Users\CG-DTE\.m2\repository\jakarta\activation\jakarta.activation-api\1.2.2\jakarta.activation-api-1.2.2.jar;C:\Users\CG-DTE\.m2\repository\org\junit\jupiter\junit-jupiter\5.5.2\junit-jupiter-5.5.2.jar;C:\Users\CG-DTE\.m2\repository\org\junit\jupiter\junit-jupiter-api\5.5.2\junit-jupiter-api-5.5.2.jar;C:\Users\CG-DTE\.m2\repository\org\apiguardian\apiguardian-api\1.1.0\apiguardian-api-1.1.0.jar;C:\Users\CG-DTE\.m2\repository\org\opentest4j\opentest4j\1.2.0\opentest4j-1.2.0.jar;C:\Users\CG-DTE\.m2\repository\org\junit\platform\junit-platform-commons\1.5.2\junit-platform-commons-1.5.2.jar;C:\Users\CG-DTE\.m2\repository\org\junit\jupiter\junit-jupiter-params\5.5.2\junit-jupiter-params-5.5.2.jar;C:\Users\CG-DTE\.m2\repository\org\junit\jupiter\junit-jupiter-engine\5.5.2\junit-jupiter-engine-5.5.2.jar;C:\Users\CG-DTE\.m2\repository\org\junit\platform\junit-platform-engine\1.5.2\junit-platform-engine-1.5.2.jar;C:\Users\CG-DTE\.m2\repository\org\mockito\mockito-junit-jupiter\3.1.0\mockito-junit-jupiter-3.1.0.jar;C:\Users\CG-DTE\.m2\repository\org\assertj\assertj-core\3.13.2\assertj-core-3.13.2.jar;C:\Users\CG-DTE\.m2\repository\org\hamcrest\hamcrest\2.1\hamcrest-2.1.jar;C:\Users\CG-DTE\.m2\repository\org\mockito\mockito-core\3.1.0\mockito-core-3.1.0.jar;C:\Users\CG-DTE\.m2\repository\net\bytebuddy\byte-buddy\1.10.11\byte-buddy-1.10.11.jar;C:\Users\CG-DTE\.m2\repository\net\bytebuddy\byte-buddy-agent\1.10.11\byte-buddy-agent-1.10.11.jar;C:\Users\CG-DTE\.m2\repository\org\objenesis\objenesis\2.6\objenesis-2.6.jar;C:\Users\CG-DTE\.m2\repository\org\skyscreamer\jsonassert\1.5.0\jsonassert-1.5.0.jar;C:\Users\CG-DTE\.m2\repository\com\vaadin\external\google\android-json\0.0.20131108.vaadin1\android-json-0.0.20131108.vaadin1.jar;C:\Users\CG-DTE\.m2\repository\org\springframework\spring-core\5.2.7.RELEASE\spring-core-5.2.7.RELEASE.jar;C:\Users\CG-DTE\.m2\repository\org\springframework\spring-jcl\5.2.7.RELEASE\spring-jcl-5.2.7.RELEASE.jar;C:\Users\CG-DTE\.m2\repository\org\springframework\spring-test\5.2.7.RELEASE\spring-test-5.2.7.RELEASE.jar;C:\Users\CG-DTE\.m2\repository\org\xmlunit\xmlunit-core\2.6.4\xmlunit-core-2.6.4.jar;"/>
    <property name="sun.cpu.endian" value="little"/>
    <property name="user.home" value="C:\Users\CG-DTE"/>
    <property name="user.language" value="en"/>
    <property name="java.specification.vendor" value="Oracle Corporation"/>
    <property name="java.home" value="C:\Program Files\Java\jdk1.8.0_151\jre"/>
    <property name="basedir" value="C:\Users\CG-DTE\Downloads\crudoperations\crudoperations"/>
    <property name="file.separator" value="\"/>
    <property name="line.separator" value="&#10;"/>
    <property name="java.vm.specification.vendor" value="Oracle Corporation"/>
    <property name="java.specification.name" value="Java Platform API Specification"/>
    <property name="java.awt.graphicsenv" value="sun.awt.Win32GraphicsEnvironment"/>
    <property name="surefire.real.class.path" value="C:\Users\CG-DTE\AppData\Local\Temp\surefire1090475857275787941\surefirebooter6367193815082855623.jar"/>
    <property name="sun.boot.class.path" value="C:\Program Files\Java\jdk1.8.0_151\jre\lib\resources.jar;C:\Program Files\Java\jdk1.8.0_151\jre\lib\rt.jar;C:\Program Files\Java\jdk1.8.0_151\jre\lib\sunrsasign.jar;C:\Program Files\Java\jdk1.8.0_151\jre\lib\jsse.jar;C:\Program Files\Java\jdk1.8.0_151\jre\lib\jce.jar;C:\Program Files\Java\jdk1.8.0_151\jre\lib\charsets.jar;C:\Program Files\Java\jdk1.8.0_151\jre\lib\jfr.jar;C:\Program Files\Java\jdk1.8.0_151\jre\classes"/>
    <property name="user.script" value=""/>
    <property name="sun.management.compiler" value="HotSpot 64-Bit Tiered Compilers"/>
    <property name="java.runtime.version" value="1.8.0_151-b12"/>
    <property name="user.name" value="SOUMYA"/>
    <property name="path.separator" value=";"/>
    <property name="os.version" value="10.0"/>
    <property name="java.endorsed.dirs" value="C:\Program Files\Java\jdk1.8.0_151\jre\lib\endorsed"/>
    <property name="java.runtime.name" value="Java(TM) SE Runtime Environment"/>
    <property name="file.encoding" value="Cp1252"/>
    <property name="java.vm.name" value="Java HotSpot(TM) 64-Bit Server VM"/>
    <property name="localRepository" value="C:\Users\CG-DTE\.m2\repository"/>
    <property name="java.vendor.url.bug" value="http://bugreport.sun.com/bugreport/"/>
    <property name="java.io.tmpdir" value="C:\Users\CG-DTE\AppData\Local\Temp\"/>
    <property name="java.version" value="1.8.0_151"/>
    <property name="user.dir" value="C:\Users\CG-DTE\Downloads\crudoperations\crudoperations"/>
    <property name="os.arch" value="amd64"/>
    <property name="java.vm.specification.name" value="Java Virtual Machine Specification"/>
    <property name="java.awt.printerjob" value="sun.awt.windows.WPrinterJob"/>
    <property name="sun.os.patch.level" value=""/>
    <property name="java.library.path" value="C:\Program Files\Java\jdk1.8.0_151\jre\bin;C:\WINDOWS\Sun\Java\bin;C:\WINDOWS\system32;C:\WINDOWS;C:\Users\CG-DTE\bin;C:\Program Files\Git\mingw64\bin;C:\Program Files\Git\usr\local\bin;C:\Program Files\Git\usr\bin;C:\Program Files\Git\usr\bin;C:\Program Files\Git\mingw64\bin;C:\Program Files\Git\usr\bin;C:\Users\CG-DTE\bin;C:\Program Files\Java\jdk1.8.0_151\bin;C:\Program Files\Java\jre-10.0.1\bin;C:\WINDOWS\system32;C:\WINDOWS;C:\WINDOWS\System32\Wbem;C:\WINDOWS\System32\WindowsPowerShell\v1.0;C:\WINDOWS\System32\OpenSSH;C:\Windows\System32;C:\Program Files\Git\cmd;C:\Program Files\MySQL\MySQL Shell 8.0\bin;C:\Users\CG-DTE\python\Anaconda3;C:\Users\CG-DTE\python\Anaconda3\Library\mingw-w64\bin;C:\Users\CG-DTE\python\Anaconda3\Library\usr\bin;C:\Users\CG-DTE\python\Anaconda3\Library\bin;C:\Users\CG-DTE\python\Anaconda3\Scripts;C:\Program Files\Java\jdk-10.0.1\bin;C:\Users\CG-DTE\AppData\Local\Microsoft\WindowsApps;C:\Windows\System32;C:\Users\CG-DTE\AppData\Local\Programs\Microsoft VS Code\bin;C:\apache-maven-3.5.2\bin;C:\Program Files\Git\usr\bin\vendor_perl;C:\Program Files\Git\usr\bin\core_perl;."/>
    <property name="java.vm.info" value="mixed mode"/>
    <property name="java.vendor" value="Oracle Corporation"/>
    <property name="java.vm.version" value="25.151-b12"/>
    <property name="java.ext.dirs" value="C:\Program Files\Java\jdk1.8.0_151\jre\lib\ext;C:\WINDOWS\Sun\Java\lib\ext"/>
    <property name="sun.io.unicode.encoding" value="UnicodeLittle"/>
    <property name="java.class.version" value="52.0"/>
  </properties>
  <testcase name="contextLoads" classname="onboardingemployee.crudoperations.CrudoperationsApplicationTests" time="2.624"/>
</testsuite>